Flow report for msx_mist
Sun Oct 01 02:21:03 2023
Quartus II 64-Bit Version 13.1.0 Build 162 10/23/2013 SJ Web Edition


---------------------
; Table of Contents ;
---------------------
  1. Legal Notice
  2. Flow Summary
  3. Flow Settings
  4. Flow Non-Default Global Settings
  5. Flow Elapsed Time
  6. Flow OS Summary
  7. Flow Log
  8. Flow Messages
  9. Flow Suppressed Messages



----------------
; Legal Notice ;
----------------
Copyright (C) 1991-2013 Altera Corporation
Your use of Altera Corporation's design tools, logic functions 
and other software and tools, and its AMPP partner logic 
functions, and any output files from any of the foregoing 
(including device programming or simulation files), and any 
associated documentation or information are expressly subject 
to the terms and conditions of the Altera Program License 
Subscription Agreement, Altera MegaCore Function License 
Agreement, or other applicable license agreement, including, 
without limitation, that your use is for the sole purpose of 
programming logic devices manufactured by Altera and sold by 
Altera or its authorized distributors.  Please refer to the 
applicable agreement for further details.



+---------------------------------------------------------------------------------+
; Flow Summary                                                                    ;
+------------------------------------+--------------------------------------------+
; Flow Status                        ; Analyzed - Sun Oct 01 02:21:03 2023        ;
; Quartus II 64-Bit Version          ; 13.1.0 Build 162 10/23/2013 SJ Web Edition ;
; Revision Name                      ; msx_mist                                   ;
; Top-level Entity Name              ; MSX                                        ;
; Family                             ; Cyclone IV E                               ;
; Device                             ; EP4CE22F17C8                               ;
; Timing Models                      ; Final                                      ;
; Total logic elements               ; 16,728 / 22,320 ( 75 % )                   ;
;     Total combinational functions  ; 15,533 / 22,320 ( 70 % )                   ;
;     Dedicated logic registers      ; 5,967 / 22,320 ( 27 % )                    ;
; Total registers                    ; 6034                                       ;
; Total pins                         ; 72 / 154 ( 47 % )                          ;
; Total virtual pins                 ; 0                                          ;
; Total memory bits                  ; 107,456 / 608,256 ( 18 % )                 ;
; Embedded Multiplier 9-bit elements ; 10 / 132 ( 8 % )                           ;
; Total PLLs                         ; 1 / 4 ( 25 % )                             ;
+------------------------------------+--------------------------------------------+


+-----------------------------------------+
; Flow Settings                           ;
+-------------------+---------------------+
; Option            ; Setting             ;
+-------------------+---------------------+
; Start date & time ; 10/01/2023 02:17:37 ;
; Main task         ; Compilation         ;
; Revision Name     ; msx_mist            ;
+-------------------+---------------------+


+-------------------------------------------------------------------------------------------------------------------------------------------+
; Flow Non-Default Global Settings                                                                                                          ;
+--------------------------------------------------------+---------------------------------------+---------------+-------------+------------+
; Assignment Name                                        ; Value                                 ; Default Value ; Entity Name ; Section Id ;
+--------------------------------------------------------+---------------------------------------+---------------+-------------+------------+
; ADD_PASS_THROUGH_LOGIC_TO_INFERRED_RAMS                ; Off                                   ; On            ; --          ; --         ;
; ALLOW_ANY_RAM_SIZE_FOR_RECOGNITION                     ; On                                    ; Off           ; --          ; --         ;
; ALLOW_ANY_ROM_SIZE_FOR_RECOGNITION                     ; On                                    ; Off           ; --          ; --         ;
; ALLOW_POWER_UP_DONT_CARE                               ; Off                                   ; On            ; --          ; --         ;
; AUTO_GLOBAL_MEMORY_CONTROLS                            ; On                                    ; Off           ; --          ; --         ;
; AUTO_IMPLEMENT_IN_ROM                                  ; On                                    ; Off           ; --          ; --         ;
; AUTO_PACKED_REGISTERS                                  ; Minimize Area                         ; Off           ; --          ; --         ;
; BLOCK_RAM_AND_MLAB_EQUIVALENT_PAUSED_READ_CAPABILITIES ; Dont Care                             ; Care          ; --          ; --         ;
; COMPILER_SIGNATURE_ID                                  ; 27214204761410.169611945712608        ; --            ; --          ; --         ;
; CYCLONEII_OPTIMIZATION_TECHNIQUE                       ; Speed                                 ; Balanced      ; --          ; --         ;
; ENABLE_CLOCK_LATENCY                                   ; On                                    ; Off           ; --          ; --         ;
; ENABLE_DRC_SETTINGS                                    ; On                                    ; Off           ; --          ; --         ;
; ENABLE_RECOVERY_REMOVAL_ANALYSIS                       ; On                                    ; Off           ; --          ; --         ;
; ENABLE_SIGNALTAP                                       ; Off                                   ; --            ; --          ; --         ;
; FINAL_PLACEMENT_OPTIMIZATION                           ; Always                                ; Automatically ; --          ; --         ;
; FMAX_REQUIREMENT                                       ; 101.58 MHz                            ; --            ; --          ; --         ;
; IGNORE_CARRY_BUFFERS                                   ; On                                    ; Off           ; --          ; --         ;
; IGNORE_CASCADE_BUFFERS                                 ; On                                    ; Off           ; --          ; --         ;
; IGNORE_CLOCK_SETTINGS                                  ; On                                    ; Off           ; --          ; --         ;
; IGNORE_LCELL_BUFFERS                                   ; On                                    ; Off           ; --          ; --         ;
; IP_TOOL_NAME                                           ; ALTPLL                                ; --            ; --          ; --         ;
; IP_TOOL_VERSION                                        ; 13.1                                  ; --            ; --          ; --         ;
; MAX_CORE_JUNCTION_TEMP                                 ; 85                                    ; --            ; --          ; --         ;
; MIN_CORE_JUNCTION_TEMP                                 ; 0                                     ; --            ; --          ; --         ;
; MISC_FILE                                              ; pll.ppf                               ; --            ; --          ; --         ;
; OUTPUT_IO_TIMING_FAR_END_VMEAS                         ; Half Signal Swing                     ; --            ; --          ; --         ;
; OUTPUT_IO_TIMING_FAR_END_VMEAS                         ; Half Signal Swing                     ; --            ; --          ; --         ;
; OUTPUT_IO_TIMING_NEAR_END_VMEAS                        ; Half Vccio                            ; --            ; --          ; --         ;
; OUTPUT_IO_TIMING_NEAR_END_VMEAS                        ; Half Vccio                            ; --            ; --          ; --         ;
; PARTITION_COLOR                                        ; 2147039                               ; --            ; MSX         ; Top        ;
; PARTITION_FITTER_PRESERVATION_LEVEL                    ; PLACEMENT_AND_ROUTING                 ; --            ; MSX         ; Top        ;
; PARTITION_NETLIST_TYPE                                 ; SOURCE                                ; --            ; MSX         ; Top        ;
; PHYSICAL_SYNTHESIS_ASYNCHRONOUS_SIGNAL_PIPELINING      ; On                                    ; Off           ; --          ; --         ;
; PHYSICAL_SYNTHESIS_COMBO_LOGIC                         ; On                                    ; Off           ; --          ; --         ;
; PHYSICAL_SYNTHESIS_COMBO_LOGIC_FOR_AREA                ; On                                    ; Off           ; --          ; --         ;
; PHYSICAL_SYNTHESIS_MAP_LOGIC_TO_MEMORY_FOR_AREA        ; On                                    ; Off           ; --          ; --         ;
; PHYSICAL_SYNTHESIS_REGISTER_DUPLICATION                ; On                                    ; Off           ; --          ; --         ;
; PHYSICAL_SYNTHESIS_REGISTER_RETIMING                   ; On                                    ; Off           ; --          ; --         ;
; PLACEMENT_EFFORT_MULTIPLIER                            ; 4.0                                   ; 1.0           ; --          ; --         ;
; POWER_BOARD_THERMAL_MODEL                              ; None (CONSERVATIVE)                   ; --            ; --          ; --         ;
; POWER_PRESET_COOLING_SOLUTION                          ; 23 MM HEAT SINK WITH 200 LFPM AIRFLOW ; --            ; --          ; --         ;
; PRE_FLOW_SCRIPT_FILE                                   ; quartus_sh:build_id_verilog.tcl       ; --            ; --          ; --         ;
; PROJECT_OUTPUT_DIRECTORY                               ; output_files                          ; --            ; --          ; --         ;
; REMOVE_REDUNDANT_LOGIC_CELLS                           ; On                                    ; Off           ; --          ; --         ;
; ROUTER_EFFORT_MULTIPLIER                               ; 2.0                                   ; 1.0           ; --          ; --         ;
; ROUTER_TIMING_OPTIMIZATION_LEVEL                       ; MAXIMUM                               ; Normal        ; --          ; --         ;
; SMART_RECOMPILE                                        ; On                                    ; Off           ; --          ; --         ;
; TCO_REQUIREMENT                                        ; 5 ns                                  ; --            ; --          ; --         ;
; TH_REQUIREMENT                                         ; 5 ns                                  ; --            ; --          ; --         ;
; TOP_LEVEL_ENTITY                                       ; MSX                                   ; msx_mist      ; --          ; --         ;
; TPD_REQUIREMENT                                        ; 5 ns                                  ; --            ; --          ; --         ;
; TSU_REQUIREMENT                                        ; 5 ns                                  ; --            ; --          ; --         ;
; USE_SIGNALTAP_FILE                                     ; output_files/opl.stp                  ; --            ; --          ; --         ;
+--------------------------------------------------------+---------------------------------------+---------------+-------------+------------+


+-------------------------------------------------------------------------------------------------------------------------------+
; Flow Elapsed Time                                                                                                             ;
+---------------------------+--------------+-------------------------+---------------------+------------------------------------+
; Module Name               ; Elapsed Time ; Average Processors Used ; Peak Virtual Memory ; Total CPU Time (on all processors) ;
+---------------------------+--------------+-------------------------+---------------------+------------------------------------+
; Analysis & Synthesis      ; 00:01:33     ; 1.0                     ; 4888 MB             ; 00:01:33                           ;
; Fitter                    ; 00:01:30     ; 1.0                     ; 5164 MB             ; 00:01:30                           ;
; Assembler                 ; 00:00:02     ; 1.0                     ; 4630 MB             ; 00:00:02                           ;
; TimeQuest Timing Analyzer ; 00:00:08     ; 1.0                     ; 4863 MB             ; 00:00:08                           ;
; Design Assistant          ; 00:00:03     ; 1.0                     ; 4706 MB             ; 00:00:04                           ;
; Total                     ; 00:03:16     ; --                      ; --                  ; 00:03:17                           ;
+---------------------------+--------------+-------------------------+---------------------+------------------------------------+


+----------------------------------------------------------------------------------------+
; Flow OS Summary                                                                        ;
+---------------------------+------------------+-----------+------------+----------------+
; Module Name               ; Machine Hostname ; OS Name   ; OS Version ; Processor type ;
+---------------------------+------------------+-----------+------------+----------------+
; Analysis & Synthesis      ; XCOM-1           ; Windows 7 ; 6.2        ; x86_64         ;
; Fitter                    ; XCOM-1           ; Windows 7 ; 6.2        ; x86_64         ;
; Assembler                 ; XCOM-1           ; Windows 7 ; 6.2        ; x86_64         ;
; TimeQuest Timing Analyzer ; XCOM-1           ; Windows 7 ; 6.2        ; x86_64         ;
; Design Assistant          ; XCOM-1           ; Windows 7 ; 6.2        ; x86_64         ;
+---------------------------+------------------+-----------+------------+----------------+


------------
; Flow Log ;
------------
quartus_map --read_settings_files=on --write_settings_files=off msx_mist -c msx_mist
quartus_fit --read_settings_files=off --write_settings_files=off msx_mist -c msx_mist
quartus_asm --read_settings_files=off --write_settings_files=off msx_mist -c msx_mist
quartus_sta msx_mist -c msx_mist
quartus_drc --read_settings_files=off --write_settings_files=off msx_mist -c msx_mist



